<?xml version="1.0" encoding="utf-8"?><testsuites><testsuite name="pytest" errors="0" failures="0" skipped="0" tests="37" time="2.581" timestamp="2025-09-28T15:36:31.120687" hostname="eceprog4.ecn.purdue.edu"><testcase classname="tests.test_cli" name="test_iter_urls_merge_dedup" time="0.002" /><testcase classname="tests.test_cli" name="test_do_score_stdout_success" time="0.001" /><testcase classname="tests.test_cli" name="test_do_score_file_and_append" time="0.003" /><testcase classname="tests.test_cli" name="test_do_score_handles_exception" time="0.001" /><testcase classname="tests.test_cli" name="test_do_score_keyboard_interrupt" time="0.001" /><testcase classname="tests.test_cli" name="test_split_line_into_urls_mixed_delims_and_garbage" time="0.000" /><testcase classname="tests.test_cli_output_formatter_urlfetcher" name="test_iter_urls_dedup_and_file_merge" time="0.001" /><testcase classname="tests.test_cli_output_formatter_urlfetcher" name="test_output_formatter_coercions" time="0.000" /><testcase classname="tests.test_cli_output_formatter_urlfetcher" name="test_has_license_section" time="0.000" /><testcase classname="tests.test_llm_analyzer" name="test_fallback_rules_detects_signals" time="0.001" /><testcase classname="tests.test_llm_analyzer" name="test_remote_success_and_value_coercion" time="0.001" /><testcase classname="tests.test_llm_analyzer" name="test_remote_failure_falls_back" time="0.001" /><testcase classname="tests.test_output_formatter" name="test_clamp01_and_nonneg_int_rounding" time="0.000" /><testcase classname="tests.test_output_formatter" name="test_coerce_and_write_line" time="0.000" /><testcase classname="tests.test_output_formatter" name="test_to_path_context_and_multiple_lines" time="0.001" /><testcase classname="tests.test_output_formatter" name="test_schema_validation_raises_if_jsonschema_present" time="0.002" /><testcase classname="tests.test_output_formatter" name="test_close_idempotent" time="0.001" /><testcase classname="tests.test_output_formatter" name="test_coerce_fields_does_not_mutate_input" time="0.000" /><testcase classname="tests.test_scorer" name="test_metrics_rampup_busfactor_claims_license" time="0.001" /><testcase classname="tests.test_scorer" name="test_dataset_code_quality_and_links_and_edges" time="0.000" /><testcase classname="tests.test_scorer" name="test_size_score_buckets_and_helpers" time="0.000" /><testcase classname="tests.test_scorer" name="test_latency_wrapper_and_score_resource_paths" time="0.004" /><testcase classname="tests.test_scorer" name="test_net_weights_sum_to_one" time="0.000" /><testcase classname="tests.test_scorer" name="test_latency_wrapper_non_size_error_returns_zero" time="0.000" /><testcase classname="tests.test_scorer" name="test_size_score_threshold_edges" time="0.000" /><testcase classname="tests.test_scorer" name="test_score_resource_licenses_section_true_false" time="0.003" /><testcase classname="tests.test_scorer" name="test_model_missing_meta_and_readme_sets_error" time="0.001" /><testcase classname="tests.test_scorer" name="test_code_quality_floor_for_small_repo_without_code_links" time="0.000" /><testcase classname="tests.test_url_fetcher" name="test_classify_and_determine_resource_types_variants" time="0.001" /><testcase classname="tests.test_url_fetcher" name="test_parse_url_file_and_license" time="0.001" /><testcase classname="tests.test_url_fetcher" name="test_http_get_json_retries_429_then_ok" time="1.002" /><testcase classname="tests.test_url_fetcher" name="test_http_get_json_decode_error" time="0.001" /><testcase classname="tests.test_url_fetcher" name="test_http_get_text_cache_and_retry" time="1.001" /><testcase classname="tests.test_url_fetcher" name="test_model_dataset_code_metadata_and_readme" time="0.001" /><testcase classname="tests.test_url_fetcher" name="test_unknown_host_noop_resource" time="0.000" /><testcase classname="tests.test_url_fetcher" name="test_parse_url_file_skips_bad_line" time="0.001" /><testcase classname="tests.test_url_fetcher" name="test_http_get_json_429_backs_off_with_sleep" time="0.001" /></testsuite></testsuites>